<?xml version="1.0" encoding="UTF-8"?>
<!-- Generated by org.testng.reporters.JUnitReportReporter -->
<testsuite hostname="MT-5CG1478XJ4" failures="0" tests="2" name="myproject1.AppTest" time="0.013" errors="0" timestamp="2022-12-15T19:30:23 IST" skipped="0">
  <testcase classname="myproject1.AppTest" name="testlogin2" time="0.001"/>
  <system-out/>
  <testcase classname="myproject1.AppTest" name="testlogin1" time="0.012"/>
  <system-out/>
</testsuite> <!-- myproject1.AppTest -->
